2026-02-27 23:29:29.965025 (34417) main____ INFO    ----------------------------------------
2026-02-27 23:29:29.965260 (34417) main____ INFO    JasperGold version info
2026-02-27 23:29:29.965304 (34417) main____ INFO      tool      : JasperGold 2019.06
2026-02-27 23:29:29.965344 (34417) main____ INFO      version   : 2019.06 FCS 64 bits
2026-02-27 23:29:29.965373 (34417) main____ INFO      build date: 2019.06.29 18:06:18 PDT
2026-02-27 23:29:29.965395 (34417) main____ INFO    ----------------------------------------
2026-02-27 23:29:29.965414 (34417) main____ INFO    Runtime info:
2026-02-27 23:29:29.965444 (34417) main____ INFO      platform  : Linux 3.10.0-1160.118.1.el7.x86_64 x86_64
2026-02-27 23:29:29.965475 (34417) main____ INFO      hostname  : localhost.localdomain
2026-02-27 23:29:29.965497 (34417) main____ INFO      pid       : 34417
2026-02-27 23:29:29.965518 (34417) main____ INFO      arguments : '-style' 'windows' '/home/ali_sajjad/Desktop/fpv_db/data_manager/scripts/jg.tcl'
2026-02-27 23:29:29.965541 (34417) main____ INFO    ----------------------------------------
2026-02-27 23:29:29.965561 (34417) main____ INFO    System resource limits info:
2026-02-27 23:29:29.965582 (34417) main____ INFO      virtual memory: unlimited
2026-02-27 23:29:29.965605 (34417) main____ INFO      cpu time      : unlimited
2026-02-27 23:29:29.965647 (34417) main____ INFO      stack size    : 8388608 B
2026-02-27 23:29:29.965680 (34417) main____ INFO      core file size: 0 B
2026-02-27 23:29:29.965716 (34417) main____ INFO      open files    : 1024
2026-02-27 23:29:29.965751 (34417) main____ INFO      file size     : unlimited
2026-02-27 23:29:29.965772 (34417) main____ INFO    ----------------------------------------
2026-02-27 23:29:29.965791 (34417) main____ INFO    Memory statistics:
2026-02-27 23:29:29.965811 (34417) main____ INFO      total physical memory  : 148283288 kB
2026-02-27 23:29:29.965830 (34417) main____ INFO      free physical memory   : 35654464 kB
2026-02-27 23:29:29.965849 (34417) main____ INFO      committed address space: 63558036 kB
2026-02-27 23:29:29.965868 (34417) main____ INFO    ----------------------------------------
2026-02-27 23:29:29.965975 (34417) main____ INFO    Important environment variables:
2026-02-27 23:29:29.966019 (34417) main____ INFO      CDS_LIC_FILE: '/home/icdesign/cadence/license/license.dat'
2026-02-27 23:29:29.966050 (34417) main____ INFO      CDS_LIC_ONLY: '1'
2026-02-27 23:29:29.966079 (34417) main____ INFO      DISPLAY     : ':10'
2026-02-27 23:29:29.966101 (34417) main____ INFO    ----------------------------------------
2026-02-27 23:29:29.966638 (34417) lic_core INFO    Initializing license system ...
2026-02-27 23:29:29.968110 (34417) lic_core INFO    ... license system initialized.
2026-02-27 23:29:29.972109 (34417) lic__man INFO    Claim 'main' for <ui>.
2026-02-27 23:29:29.972243 (34417) lic_core INFO    (1) checking out 'jasper_interactive' ...
2026-02-27 23:29:30.041827 (34417) lic_core INFO    ... (1) checkout succeeded
2026-02-27 23:29:30.041977 (34417) lic__man INFO    Claim 'fpv' for <ui>.
2026-02-27 23:29:30.042033 (34417) lic_core INFO    (2) checking out 'jasper_fpv' ...
2026-02-27 23:29:30.098265 (34417) lic_core INFO    ... (2) checkout succeeded
2026-02-27 23:29:30.911672 (34417) lic__man INFO    Claim 'fpv' for <ui>.
2026-02-27 23:29:31.187706 (34417) lic__man INFO    Unclaim 'fpv' for <ui>.
2026-02-27 23:29:31.187798 (34417) lic__man INFO    Claim 'fpv' for <ui>.
2026-02-27 23:29:31.195471 (34417) session_ INFO    Starting analysis session with session id 'session_0' (launcher: <local>) ...
2026-02-27 23:29:31.197707 (34417) session_ INFO    Analysis session with session id 'session_0' started (pid: 34441)
2026-02-27 23:29:35.625216 (34417) session_ INFO    Analysis session 'session_0' connected to the console (host: 127.0.0.1:59834)
2026-02-27 23:29:36.656586 (34417) lic__man INFO    Unclaim everything for 'session_0'.
2026-02-27 23:29:37.472028 (34417) lic__man INFO    Unclaim everything for 'session_0'.
2026-02-27 23:29:43.466487 (34417) lic__man INFO    Claim 'fpv' for 'session_0/prove-0'.
2026-02-27 23:29:47.302768 (34417) lic__man INFO    Unclaim everything for 'session_0/prove-0'.
2026-02-27 23:30:49.085610 (34417) lic__man INFO    Unclaim everything for 'session_0'.
2026-02-27 23:30:49.904353 (34417) lic__man INFO    Unclaim everything for 'session_0'.
2026-02-27 23:30:52.790797 (34417) lic__man INFO    Claim 'fpv' for 'session_0/prove-0'.
2026-02-27 23:30:55.944029 (34417) lic__man INFO    Unclaim everything for 'session_0/prove-0'.
2026-02-27 23:31:23.687361 (34417) lic__man INFO    Unclaim everything for 'session_0'.
2026-02-27 23:31:24.547567 (34417) lic__man INFO    Unclaim everything for 'session_0'.
2026-02-27 23:31:27.951254 (34417) lic__man INFO    Claim 'fpv' for 'session_0/prove-0'.
2026-02-27 23:31:35.529201 (34417) lic__man INFO    Unclaim everything for 'session_0/prove-0'.
2026-02-27 23:31:59.429442 (34417) lic__man INFO    Unclaim everything for 'session_0'.
2026-02-27 23:32:00.506902 (34417) lic__man INFO    Unclaim everything for 'session_0'.
2026-02-27 23:32:03.383404 (34417) lic__man INFO    Claim 'fpv' for 'session_0/prove-0'.
2026-02-27 23:32:17.704260 (34417) lic__man INFO    Unclaim everything for 'session_0/prove-0'.
2026-02-27 23:43:52.974524 (34417) lic__man INFO    Entering idle state.
2026-02-28 01:05:29.469278 (34417) lic__man INFO    Leaving idle state.
2026-02-28 01:05:29.978562 (34417) lic__man INFO    Unclaim everything for 'session_0'.
2026-02-28 01:06:00.475453 (34417) lic__man INFO    Unclaim everything for 'session_0'.
2026-02-28 01:06:29.095321 (34417) lic__man INFO    Unclaim everything for 'session_0'.
2026-02-28 01:07:27.481030 (34417) lic__man INFO    Unclaim everything for 'session_0'.
2026-02-28 01:07:28.540890 (34417) lic__man INFO    Unclaim everything for 'session_0'.
2026-02-28 01:07:32.890967 (34417) lic__man INFO    Claim 'fpv' for 'session_0/prove-0'.
2026-02-28 01:08:25.262280 (34417) lic__man INFO    Unclaim everything for 'session_0/prove-0'.
2026-02-28 01:17:56.836390 (34417) lic__man INFO    Unclaim everything for 'session_0'.
2026-02-28 01:17:57.851847 (34417) lic__man INFO    Unclaim everything for 'session_0'.
2026-02-28 01:18:00.720928 (34417) lic__man INFO    Claim 'fpv' for 'session_0/prove-0'.
2026-02-28 01:21:48.038330 (34417) lic__man INFO    Claim 'fpv' for 'session_0'.
2026-02-28 01:23:24.167060 (34417) lic__man INFO    Unclaim everything for 'session_0/prove-0'.
2026-02-28 01:40:42.600232 (34417) lic__man INFO    Unclaim everything for 'session_0'.
2026-02-28 01:40:56.085987 (34417) lic__man INFO    Unclaim everything for 'session_0'.
2026-02-28 01:40:56.848694 (34417) lic__man INFO    Unclaim everything for 'session_0'.
2026-02-28 01:40:59.622392 (34417) lic__man INFO    Claim 'fpv' for 'session_0/prove-0'.
2026-02-28 01:41:32.526292 (34417) lic__man INFO    Unclaim everything for 'session_0/prove-0'.
2026-02-28 01:41:43.774211 (34417) lic__man INFO    Claim 'fpv' for 'session_0'.
2026-02-28 01:49:50.688686 (34417) lic__man INFO    Unclaim everything for 'session_0'.
2026-02-28 01:49:51.422151 (34417) lic__man INFO    Unclaim everything for 'session_0'.
2026-02-28 01:49:53.936817 (34417) lic__man INFO    Claim 'fpv' for 'session_0/prove-0'.
2026-02-28 01:49:57.345881 (34417) lic__man INFO    Unclaim everything for 'session_0/prove-0'.
2026-02-28 01:50:03.222504 (34417) lic__man INFO    Claim 'fpv' for 'session_0'.
2026-02-28 01:53:24.310527 (34417) lic__man INFO    Unclaim everything for 'session_0'.
2026-02-28 01:53:25.059069 (34417) lic__man INFO    Unclaim everything for 'session_0'.
2026-02-28 01:53:26.265717 (34417) lic__man INFO    Claim 'fpv' for 'session_0/prove-0'.
2026-02-28 01:53:32.141781 (34417) lic__man INFO    Unclaim everything for 'session_0/prove-0'.
2026-02-28 01:53:37.899331 (34417) lic__man INFO    Claim 'fpv' for 'session_0'.
2026-02-28 01:56:25.384179 (34417) lic__man INFO    Unclaim everything for 'session_0'.
2026-02-28 01:56:26.249420 (34417) lic__man INFO    Unclaim everything for 'session_0'.
2026-02-28 01:56:28.593764 (34417) lic__man INFO    Claim 'fpv' for 'session_0/prove-0'.
2026-02-28 01:56:29.631204 (34417) lic__man INFO    Unclaim everything for 'session_0/prove-0'.
2026-02-28 01:56:48.421402 (34417) lic__man INFO    Claim 'fpv' for 'session_0'.
2026-02-28 02:09:58.507222 (34417) lic__man INFO    Unclaim everything for 'session_0'.
2026-02-28 02:09:59.328013 (34417) lic__man INFO    Unclaim everything for 'session_0'.
2026-02-28 02:10:02.287519 (34417) lic__man INFO    Claim 'fpv' for 'session_0/prove-0'.
2026-02-28 02:10:06.328518 (34417) lic__man INFO    Unclaim everything for 'session_0/prove-0'.
2026-02-28 02:10:10.380942 (34417) lic__man INFO    Claim 'fpv' for 'session_0'.
2026-02-28 02:22:30.599637 (34417) lic__man INFO    Entering idle state.
2026-02-28 02:23:20.811663 (34417) lic__man INFO    Leaving idle state.
2026-02-28 02:23:21.404803 (34417) lic__man INFO    Unclaim everything for 'session_0'.
2026-02-28 02:23:22.198484 (34417) lic__man INFO    Unclaim everything for 'session_0'.
2026-02-28 02:23:25.251951 (34417) lic__man INFO    Claim 'fpv' for 'session_0/prove-0'.
2026-02-28 02:23:56.347499 (34417) lic__man INFO    Claim 'fpv' for 'session_0'.
2026-02-28 02:37:45.171812 (34417) lic__man INFO    Unclaim everything for 'session_0/prove-0'.
2026-02-28 02:37:54.457175 (34417) lic__man INFO    Unclaim everything for 'session_0'.
2026-02-28 02:37:55.239613 (34417) lic__man INFO    Unclaim everything for 'session_0'.
2026-02-28 02:37:57.924805 (34417) lic__man INFO    Claim 'fpv' for 'session_0/prove-0'.
2026-02-28 02:41:37.804851 (34417) lic__man INFO    Unclaim everything for 'session_0/prove-0'.
2026-02-28 02:41:40.079404 (34417) lic__man INFO    Unclaim everything for 'session_0'.
2026-02-28 02:41:40.786103 (34417) lic__man INFO    Unclaim everything for 'session_0'.
2026-02-28 02:41:42.947636 (34417) lic__man INFO    Claim 'fpv' for 'session_0/prove-0'.
2026-02-28 02:41:56.254020 (34417) lic__man INFO    Claim 'fpv' for 'session_0'.
2026-02-28 02:54:41.824805 (34417) lic__man INFO    Unclaim everything for 'session_0/prove-0'.
2026-02-28 03:02:41.823857 (34417) lic__man INFO    Entering idle state.
2026-02-28 22:29:45.962384 (34417) lic__man INFO    Leaving idle state.
2026-02-28 22:38:22.384349 (34417) lic__man INFO    Unclaim everything for 'session_0'.
2026-02-28 22:38:23.145010 (34417) lic__man INFO    Unclaim everything for 'session_0'.
2026-02-28 22:40:55.596299 (34417) lic__man INFO    Unclaim everything for 'session_0'.
2026-02-28 22:40:56.368551 (34417) lic__man INFO    Unclaim everything for 'session_0'.
2026-02-28 22:40:59.471223 (34417) lic__man INFO    Claim 'fpv' for 'session_0/prove-0'.
2026-02-28 22:41:28.260340 (34417) lic__man INFO    Unclaim everything for 'session_0/prove-0'.
2026-02-28 22:43:29.461623 (34417) lic__man INFO    Unclaim everything for 'session_0'.
2026-02-28 22:43:29.884297 (34417) lic__man INFO    Unclaim everything for 'session_0'.
2026-02-28 22:43:32.438627 (34417) lic__man INFO    Claim 'fpv' for 'session_0/prove-0'.
2026-02-28 22:43:33.575067 (34417) lic__man INFO    Unclaim everything for 'session_0/prove-0'.
2026-02-28 22:43:40.514832 (34417) lic__man INFO    Claim 'fpv' for 'session_0'.
2026-02-28 22:48:25.402591 (34417) lic__man INFO    Unclaim everything for 'session_0'.
2026-02-28 22:48:25.823744 (34417) lic__man INFO    Unclaim everything for 'session_0'.
2026-02-28 22:48:27.072339 (34417) lic__man INFO    Claim 'fpv' for 'session_0/prove-0'.
2026-02-28 22:48:28.338555 (34417) lic__man INFO    Unclaim everything for 'session_0/prove-0'.
2026-02-28 22:50:42.896108 (34417) lic__man INFO    Unclaim everything for 'session_0'.
2026-02-28 22:50:43.307416 (34417) lic__man INFO    Unclaim everything for 'session_0'.
2026-02-28 22:50:45.620917 (34417) lic__man INFO    Claim 'fpv' for 'session_0/prove-0'.
2026-02-28 22:50:47.006807 (34417) lic__man INFO    Unclaim everything for 'session_0/prove-0'.
2026-02-28 22:52:30.694558 (34417) lic__man INFO    Unclaim everything for 'session_0'.
2026-02-28 22:52:31.116828 (34417) lic__man INFO    Unclaim everything for 'session_0'.
2026-02-28 22:52:33.517266 (34417) lic__man INFO    Claim 'fpv' for 'session_0/prove-0'.
2026-02-28 22:52:35.519616 (34417) lic__man INFO    Unclaim everything for 'session_0/prove-0'.
2026-02-28 22:53:12.630112 (34417) lic__man INFO    Unclaim everything for 'session_0'.
2026-02-28 22:53:13.475843 (34417) lic__man INFO    Unclaim everything for 'session_0'.
2026-02-28 22:53:15.494779 (34417) lic__man INFO    Claim 'fpv' for 'session_0/prove-0'.
2026-02-28 22:53:42.399906 (34417) lic__man INFO    Unclaim everything for 'session_0/prove-0'.
2026-02-28 22:54:16.101134 (34417) lic__man INFO    Unclaim everything for 'session_0'.
2026-02-28 22:54:16.594106 (34417) lic__man INFO    Unclaim everything for 'session_0'.
2026-02-28 22:54:18.590861 (34417) lic__man INFO    Claim 'fpv' for 'session_0/prove-0'.
2026-02-28 22:54:52.518720 (34417) lic__man INFO    Unclaim everything for 'session_0/prove-0'.
2026-02-28 22:56:17.162127 (34417) lic__man INFO    Claim 'fpv' for 'session_0'.
2026-02-28 23:00:22.444668 (34417) lic__man INFO    Unclaim everything for 'session_0'.
2026-02-28 23:00:22.953395 (34417) lic__man INFO    Unclaim everything for 'session_0'.
2026-02-28 23:00:25.179331 (34417) lic__man INFO    Claim 'fpv' for 'session_0/prove-0'.
2026-02-28 23:00:27.306998 (34417) lic__man INFO    Unclaim everything for 'session_0/prove-0'.
2026-02-28 23:00:33.286101 (34417) lic__man INFO    Claim 'fpv' for 'session_0'.
2026-02-28 23:02:51.129909 (34417) lic__man INFO    Unclaim everything for 'session_0'.
2026-02-28 23:02:51.625518 (34417) lic__man INFO    Unclaim everything for 'session_0'.
2026-02-28 23:02:53.756478 (34417) lic__man INFO    Claim 'fpv' for 'session_0/prove-0'.
2026-02-28 23:02:56.011773 (34417) lic__man INFO    Unclaim everything for 'session_0/prove-0'.
2026-02-28 23:03:03.118117 (34417) lic__man INFO    Claim 'fpv' for 'session_0'.
2026-02-28 23:07:39.408536 (34417) lic__man INFO    Unclaim everything for 'session_0'.
2026-02-28 23:07:39.918840 (34417) lic__man INFO    Unclaim everything for 'session_0'.
2026-02-28 23:07:41.745265 (34417) lic__man INFO    Claim 'fpv' for 'session_0/prove-0'.
2026-02-28 23:07:44.120614 (34417) lic__man INFO    Unclaim everything for 'session_0/prove-0'.
2026-02-28 23:07:53.741517 (34417) lic__man INFO    Claim 'fpv' for 'session_0'.
2026-02-28 23:18:06.184205 (34417) lic__man INFO    Unclaim everything for 'session_0'.
2026-02-28 23:18:06.701241 (34417) lic__man INFO    Unclaim everything for 'session_0'.
2026-02-28 23:18:08.079683 (34417) lic__man INFO    Claim 'fpv' for 'session_0/prove-0'.
2026-02-28 23:18:09.944217 (34417) lic__man INFO    Unclaim everything for 'session_0/prove-0'.
2026-02-28 23:18:28.784978 (34417) lic__man INFO    Claim 'fpv' for 'session_0'.
2026-02-28 23:29:15.599573 (34417) lic__man INFO    Entering idle state.
2026-02-28 23:35:18.042550 (34417) lic__man INFO    Leaving idle state.
2026-02-28 23:35:18.629718 (34417) lic__man INFO    Unclaim everything for 'session_0'.
2026-02-28 23:35:19.818682 (34417) lic__man INFO    Unclaim everything for 'session_0'.
2026-02-28 23:35:22.566797 (34417) lic__man INFO    Claim 'fpv' for 'session_0/prove-0'.
2026-02-28 23:36:01.087097 (34417) lic__man INFO    Claim 'fpv' for 'session_0'.
2026-02-28 23:36:42.027620 (34417) lic__man INFO    Unclaim everything for 'session_0/prove-0'.
2026-02-28 23:38:05.169651 (34417) lic__man INFO    Unclaim everything for 'session_0'.
2026-02-28 23:38:06.359303 (34417) lic__man INFO    Unclaim everything for 'session_0'.
2026-02-28 23:38:42.065351 (34417) lic__man INFO    Unclaim everything for 'session_0'.
2026-02-28 23:38:42.594179 (34417) lic__man INFO    Unclaim everything for 'session_0'.
2026-02-28 23:38:46.150120 (34417) lic__man INFO    Claim 'fpv' for 'session_0/prove-0'.
2026-02-28 23:39:00.250476 (34417) lic__man INFO    Unclaim everything for 'session_0/prove-0'.
2026-02-28 23:47:04.547278 (34417) lic__man INFO    Entering idle state.
2026-03-01 01:34:07.853478 (34417) lic__man INFO    Leaving idle state.
